TN:
SF:src/contracts/clients.ts
FNF:0
FNH:0
DA:15,3
DA:24,3
DA:36,3
DA:37,3
LF:4
LH:4
BRF:0
BRH:0
end_of_record
TN:
SF:src/contracts/crawl.ts
FNF:0
FNH:0
DA:11,4
DA:23,4
DA:31,4
DA:58,4
DA:68,4
DA:88,4
DA:99,4
DA:112,4
DA:125,4
DA:126,4
DA:127,4
LF:11
LH:11
BRF:0
BRH:0
end_of_record
TN:
SF:src/contracts/ingestion.ts
FNF:0
FNH:0
DA:13,2
DA:28,2
DA:30,2
DA:45,2
DA:47,2
DA:65,2
DA:67,2
DA:89,2
LF:8
LH:8
BRF:0
BRH:0
end_of_record
TN:
SF:src/contracts/review.ts
FNF:0
FNH:0
DA:14,2
DA:21,2
DA:41,2
DA:43,2
DA:50,2
DA:69,2
DA:81,2
DA:88,2
DA:99,2
DA:101,2
DA:112,2
DA:125,2
DA:127,2
DA:140,2
LF:14
LH:14
BRF:0
BRH:0
end_of_record
TN:
SF:src/contracts/source.ts
FNF:0
FNH:0
DA:14,5
DA:22,5
DA:29,5
DA:31,5
DA:41,5
DA:57,5
DA:67,5
DA:76,5
DA:83,5
DA:97,5
DA:106,5
DA:113,5
DA:119,5
DA:131,5
DA:148,5
DA:157,5
DA:166,5
DA:174,5
DA:206,5
DA:207,5
DA:208,5
DA:209,5
DA:210,5
LF:23
LH:23
BRF:0
BRH:0
end_of_record
TN:
SF:src/models/permissions.ts
FN:96,getPermissions
FNF:1
FNH:1
FNDA:5,getPermissions
DA:33,1
DA:97,5
LF:2
LH:2
BRF:0
BRH:0
end_of_record
TN:
SF:src/models/workspace.ts
FN:26,toWorkspaceSummary
FN:30,toPipelineSummary
FNF:2
FNH:2
FNDA:1,toWorkspaceSummary
FNDA:2,toPipelineSummary
DA:27,1
DA:31,2
LF:2
LH:2
BRF:0
BRH:0
end_of_record
TN:
SF:src/services/apiClient.ts
FN:11,(anonymous_0)
FN:20,requestId
FN:24,parseError
FN:39,apiFetch
FNF:4
FNH:4
FNDA:15,(anonymous_0)
FNDA:111,requestId
FNDA:15,parseError
FNDA:111,apiFetch
DA:12,15
DA:15,15
DA:16,15
DA:21,111
DA:25,15
DA:26,15
DA:27,15
DA:28,15
DA:32,15
DA:37,12
DA:43,111
DA:44,111
DA:53,111
DA:54,15
DA:57,96
DA:58,4
DA:61,92
DA:62,92
DA:64,0
LF:19
LH:18
BRDA:28,0,0,15
BRDA:28,0,1,0
BRDA:37,1,0,12
BRDA:37,1,1,0
BRDA:41,2,0,111
BRDA:43,3,0,0
BRDA:43,3,1,111
BRDA:49,4,0,111
BRDA:49,4,1,99
BRDA:53,5,0,15
BRDA:53,5,1,96
BRDA:57,6,0,4
BRDA:57,6,1,92
BRF:13
BRH:10
end_of_record
TN:
SF:src/services/clientService.ts
FN:29,listClients
FN:34,getClient
FN:39,createClient
FN:49,updateClient
FN:60,listPipelines
FN:67,getPipeline
FN:77,createPipeline
FN:88,updatePipeline
FNF:8
FNH:8
FNDA:5,listClients
FNDA:2,getClient
FNDA:1,createClient
FNDA:1,updateClient
FNDA:1,listPipelines
FNDA:2,getPipeline
FNDA:1,createPipeline
FNDA:1,updatePipeline
DA:27,2
DA:30,5
DA:31,4
DA:35,2
DA:36,1
DA:42,1
DA:46,1
DA:53,1
DA:57,1
DA:63,1
DA:64,1
DA:71,2
DA:74,1
DA:81,1
DA:85,1
DA:93,1
DA:100,1
LF:17
LH:17
BRF:0
BRH:0
end_of_record
TN:
SF:src/services/crawlService.ts
FN:32,base
FN:38,listCrawlJobs
FN:48,getCrawlJob
FN:62,createCrawlJob
FN:75,cancelCrawlJob
FN:85,runCrawlJob
FN:103,listArtifacts
FN:113,getArtifact
FN:127,storeArtifact
FN:142,checkRobots
FN:156,listBudgets
FNF:11
FNH:11
FNDA:34,base
FNDA:10,listCrawlJobs
FNDA:2,getCrawlJob
FNDA:2,createCrawlJob
FNDA:1,cancelCrawlJob
FNDA:2,runCrawlJob
FNDA:9,listArtifacts
FNDA:2,getArtifact
FNDA:1,storeArtifact
FNDA:4,checkRobots
FNDA:1,listBudgets
DA:33,34
DA:43,10
DA:44,10
DA:45,10
DA:53,2
DA:54,2
DA:55,1
DA:57,1
DA:58,0
DA:67,2
DA:72,2
DA:80,1
DA:92,2
DA:93,2
DA:94,2
DA:98,2
DA:108,9
DA:109,9
DA:110,9
DA:118,2
DA:119,2
DA:120,1
DA:122,1
DA:123,0
DA:132,1
DA:137,1
DA:147,4
DA:151,4
DA:160,1
DA:161,1
LF:30
LH:28
BRDA:43,0,0,1
BRDA:43,0,1,9
BRDA:57,1,0,1
BRDA:57,1,1,0
BRDA:57,2,0,1
BRDA:57,2,1,1
BRDA:93,3,0,1
BRDA:93,3,1,1
BRDA:108,4,0,1
BRDA:108,4,1,8
BRDA:122,5,0,1
BRDA:122,5,1,0
BRDA:122,6,0,1
BRDA:122,6,1,1
BRF:14
BRH:12
end_of_record
TN:
SF:src/services/ingestionService.ts
FN:31,docBase
FN:35,importBase
FN:39,listDocuments
FN:47,getDocument
FN:56,uploadDocument
FN:78,listKnowledgeItems
FN:89,listLeadImports
FN:97,getLeadImport
FN:106,uploadLeadImport
FN:128,listSeedLeadRows
FNF:10
FNH:9
FNDA:4,docBase
FNDA:6,importBase
FNDA:2,listDocuments
FNDA:1,getDocument
FNDA:1,uploadDocument
FNDA:0,listKnowledgeItems
FNDA:2,listLeadImports
FNDA:1,getLeadImport
FNDA:2,uploadLeadImport
FNDA:1,listSeedLeadRows
DA:32,4
DA:36,6
DA:43,2
DA:44,2
DA:52,1
DA:53,1
DA:61,1
DA:62,1
DA:63,1
DA:64,1
DA:65,1
DA:66,0
DA:67,0
DA:68,0
DA:69,0
DA:73,0
DA:75,1
DA:83,0
DA:86,0
DA:93,2
DA:94,2
DA:102,1
DA:103,1
DA:111,2
DA:112,2
DA:113,2
DA:114,2
DA:115,2
DA:116,1
DA:117,1
DA:118,1
DA:119,1
DA:123,1
DA:125,1
DA:133,1
DA:136,1
LF:36
LH:29
BRDA:65,0,0,0
BRDA:65,0,1,1
BRDA:69,1,0,0
BRDA:69,1,1,0
BRDA:115,2,0,1
BRDA:115,2,1,1
BRDA:119,3,0,1
BRDA:119,3,1,0
BRF:8
BRH:4
end_of_record
TN:
SF:src/services/reviewService.ts
FN:39,base
FN:43,listReviewItems
FN:55,getReviewItem
FN:66,decideReviewItem
FN:79,getICPConfig
FN:92,upsertICPConfig
FN:105,listSuppressionRules
FN:113,addSuppressionRule
FN:125,deleteSuppressionRule
FN:135,listGuardrails
FN:143,upsertGuardrail
FN:155,listAuditLog
FNF:12
FNH:12
FNDA:15,base
FNDA:2,listReviewItems
FNDA:2,getReviewItem
FNDA:1,decideReviewItem
FNDA:2,getICPConfig
FNDA:1,upsertICPConfig
FNDA:1,listSuppressionRules
FNDA:1,addSuppressionRule
FNDA:2,deleteSuppressionRule
FNDA:1,listGuardrails
FNDA:1,upsertGuardrail
FNDA:1,listAuditLog
DA:40,15
DA:48,2
DA:51,2
DA:52,2
DA:60,2
DA:63,1
DA:72,1
DA:76,1
DA:83,2
DA:84,2
DA:85,1
DA:87,1
DA:88,0
DA:97,1
DA:98,1
DA:102,1
DA:109,1
DA:110,1
DA:118,1
DA:122,1
DA:130,2
DA:139,1
DA:140,1
DA:148,1
DA:152,1
DA:159,1
DA:160,1
LF:27
LH:26
BRDA:48,0,0,1
BRDA:48,0,1,1
BRDA:87,1,0,1
BRDA:87,1,1,0
BRDA:87,2,0,1
BRDA:87,2,1,1
BRF:6
BRH:5
end_of_record
TN:
SF:src/services/sourceService.ts
FN:54,base
FN:60,listSourceConnectors
FN:70,getSourceConnector
FN:84,createSourceConnector
FN:97,updateSourceConnector
FN:111,deleteSourceConnector
FN:121,testSourceConnector
FN:135,listPolicyRules
FN:143,createPolicyRule
FN:156,deletePolicyRule
FN:166,decidePolicy
FN:181,listURLCandidates
FN:191,submitURLCandidate
FN:206,listCredentialProfiles
FN:214,getCredentialProfile
FN:228,createCredentialProfile
FN:241,updateCredentialProfile
FN:255,validateCredential
FN:269,listAdapters
FNF:19
FNH:18
FNDA:36,base
FNDA:5,listSourceConnectors
FNDA:2,getSourceConnector
FNDA:1,createSourceConnector
FNDA:1,updateSourceConnector
FNDA:1,deleteSourceConnector
FNDA:1,testSourceConnector
FNDA:5,listPolicyRules
FNDA:1,createPolicyRule
FNDA:0,deletePolicyRule
FNDA:3,decidePolicy
FNDA:1,listURLCandidates
FNDA:1,submitURLCandidate
FNDA:8,listCredentialProfiles
FNDA:2,getCredentialProfile
FNDA:1,createCredentialProfile
FNDA:1,updateCredentialProfile
FNDA:2,validateCredential
FNDA:1,listAdapters
DA:55,36
DA:65,5
DA:66,5
DA:67,4
DA:75,2
DA:76,2
DA:77,1
DA:79,1
DA:80,0
DA:89,1
DA:94,1
DA:103,1
DA:108,1
DA:116,1
DA:126,1
DA:130,1
DA:139,5
DA:140,4
DA:148,1
DA:153,1
DA:161,0
DA:171,3
DA:176,3
DA:186,1
DA:187,1
DA:188,1
DA:196,1
DA:201,1
DA:210,8
DA:211,7
DA:219,2
DA:220,2
DA:221,1
DA:223,1
DA:224,0
DA:233,1
DA:238,1
DA:247,1
DA:252,1
DA:260,2
DA:264,2
DA:270,1
DA:271,1
LF:43
LH:40
BRDA:65,0,0,0
BRDA:65,0,1,5
BRDA:79,1,0,1
BRDA:79,1,1,0
BRDA:79,2,0,1
BRDA:79,2,1,1
BRDA:186,3,0,0
BRDA:186,3,1,1
BRDA:223,4,0,1
BRDA:223,4,1,0
BRDA:223,5,0,1
BRDA:223,5,1,1
BRF:12
BRH:8
end_of_record
